MonitorContoller/app/build/outputs/logs/manifest-merger-debug-report.txt
-- Merging decision tree log ---
manifest
ADDED from src\main\AndroidManifest.xml:2:1-30:12
INJECTED from src\main\AndroidManifest.xml:2:1-30:12
INJECTED from src\main\AndroidManifest.xml:2:1-30:12
INJECTED from src\main\AndroidManifest.xml:2:1-30:12
MERGED from [:volley] AndroidManifest.xml:2:1-11:12
MERGED from [com.android.support:appcompat-v7:26.0.0-alpha1] AndroidManifest.xml:17:1-31:12
MERGED from [com.android.support.constraint:constraint-layout:1.0.2] AndroidManifest.xml:2:1-11:12
MERGED from [com.android.support:support-v4:26.0.0-alpha1] AndroidManifest.xml:17:1-31:12
MERGED from [com.squareup.leakcanary:leakcanary-android:1.3] AndroidManifest.xml:17:1-48:12
MERGED from [com.android.support:animated-vector-drawable:26.0.0-alpha1] AndroidManifest.xml:17:1-28:12
MERGED from [com.android.support:support-vector-drawable:26.0.0-alpha1] AndroidManifest.xml:17:1-28:12
MERGED from [com.android.support:support-media-compat:26.0.0-alpha1] AndroidManifest.xml:17:1-31:12
MERGED from [com.android.support:support-fragment:26.0.0-alpha1] AndroidManifest.xml:17:1-31:12
MERGED from [com.android.support:support-core-utils:26.0.0-alpha1] AndroidManifest.xml:17:1-31:12
MERGED from [com.android.support:support-core-ui:26.0.0-alpha1] AndroidManifest.xml:17:1-31:12
MERGED from [com.android.support:support-compat:26.0.0-alpha1] AndroidManifest.xml:17:1-31:12
INJECTED from src\main\AndroidManifest.xml:2:1-30:12
INJECTED from src\main\AndroidManifest.xml:2:1-30:12
INJECTED from src\main\AndroidManifest.xml:2:1-30:12
	package
		ADDED from src\main\AndroidManifest.xml:3:11-60
		INJECTED from src\main\AndroidManifest.xml
		INJECTED from src\main\AndroidManifest.xml
	android:versionName
		INJECTED from src\main\AndroidManifest.xml
		ADDED from src\main\AndroidManifest.xml:2:1-30:12
		INJECTED from src\main\AndroidManifest.xml
	android:versionCode
		INJECTED from src\main\AndroidManifest.xml
		ADDED from src\main\AndroidManifest.xml:2:1-30:12
		INJECTED from src\main\AndroidManifest.xml
	xmlns:android
		ADDED from src\main\AndroidManifest.xml:2:11-69
uses-permission#android.permission.INTERNET
ADDED from src\main\AndroidManifest.xml:5:5-66
	android:name
		ADDED from src\main\AndroidManifest.xml:5:22-64
application
ADDED from src\main\AndroidManifest.xml:7:5-28:19
MERGED from [:volley] AndroidManifest.xml:9:5-20
MERGED from [:volley] AndroidManifest.xml:9:5-20
MERGED from [com.android.support:appcompat-v7:26.0.0-alpha1] AndroidManifest.xml:29:5-20
MERGED from [com.android.support:appcompat-v7:26.0.0-alpha1] AndroidManifest.xml:29:5-20
MERGED from [com.android.support.constraint:constraint-layout:1.0.2] AndroidManifest.xml:9:5-20
MERGED from [com.android.support.constraint:constraint-layout:1.0.2] AndroidManifest.xml:9:5-20
MERGED from [com.android.support:support-v4:26.0.0-alpha1] AndroidManifest.xml:29:5-20
MERGED from [com.android.support:support-v4:26.0.0-alpha1] AndroidManifest.xml:29:5-20
MERGED from [com.squareup.leakcanary:leakcanary-android:1.3] AndroidManifest.xml:24:5-46:19
MERGED from [com.squareup.leakcanary:leakcanary-android:1.3] AndroidManifest.xml:24:5-46:19
MERGED from [com.android.support:animated-vector-drawable:26.0.0-alpha1] AndroidManifest.xml:26:5-20
MERGED from [com.android.support:animated-vector-drawable:26.0.0-alpha1] AndroidManifest.xml:26:5-20
MERGED from [com.android.support:support-vector-drawable:26.0.0-alpha1] AndroidManifest.xml:26:5-20
MERGED from [com.android.support:support-vector-drawable:26.0.0-alpha1] AndroidManifest.xml:26:5-20
MERGED from [com.android.support:support-media-compat:26.0.0-alpha1] AndroidManifest.xml:29:5-20
MERGED from [com.android.support:support-media-compat:26.0.0-alpha1] AndroidManifest.xml:29:5-20
MERGED from [com.android.support:support-fragment:26.0.0-alpha1] AndroidManifest.xml:29:5-20
MERGED from [com.android.support:support-fragment:26.0.0-alpha1] AndroidManifest.xml:29:5-20
MERGED from [com.android.support:support-core-utils:26.0.0-alpha1] AndroidManifest.xml:29:5-20
MERGED from [com.android.support:support-core-utils:26.0.0-alpha1] AndroidManifest.xml:29:5-20
MERGED from [com.android.support:support-core-ui:26.0.0-alpha1] AndroidManifest.xml:29:5-20
MERGED from [com.android.support:support-core-ui:26.0.0-alpha1] AndroidManifest.xml:29:5-20
MERGED from [com.android.support:support-compat:26.0.0-alpha1] AndroidManifest.xml:29:5-20
MERGED from [com.android.support:support-compat:26.0.0-alpha1] AndroidManifest.xml:29:5-20
	android:supportsRtl
		ADDED from src\main\AndroidManifest.xml:13:9-35
	android:label
		ADDED from src\main\AndroidManifest.xml:10:9-41
	android:roundIcon
		ADDED from src\main\AndroidManifest.xml:12:9-43
	android:largeHeap
		ADDED from src\main\AndroidManifest.xml:11:9-33
	android:icon
		ADDED from src\main\AndroidManifest.xml:9:9-38
	android:allowBackup
		ADDED from src\main\AndroidManifest.xml:8:9-35
	android:theme
		ADDED from src\main\AndroidManifest.xml:14:9-40
activity#com.example.miqa3893.monitor_controller.HomeActivity
ADDED from src\main\AndroidManifest.xml:15:9-23:20
	android:screenOrientation
		ADDED from src\main\AndroidManifest.xml:17:13-50
	android:name
		ADDED from src\main\AndroidManifest.xml:16:13-41
intent-filter#android.intent.action.MAIN+android.intent.category.LAUNCHER
ADDED from src\main\AndroidManifest.xml:18:13-22:29
action#android.intent.action.MAIN
ADDED from src\main\AndroidManifest.xml:19:17-68
	android:name
		ADDED from src\main\AndroidManifest.xml:19:25-66
category#android.intent.category.LAUNCHER
ADDED from src\main\AndroidManifest.xml:21:17-76
	android:name
		ADDED from src\main\AndroidManifest.xml:21:27-74
activity#com.example.miqa3893.monitor_controller.SettingsActivity
ADDED from src\main\AndroidManifest.xml:24:9-27:20
	android:label
		ADDED from src\main\AndroidManifest.xml:26:13-60
	android:name
		ADDED from src\main\AndroidManifest.xml:25:13-45
uses-sdk
INJECTED from src\main\AndroidManifest.xml reason: use-sdk injection requested
INJECTED from src\main\AndroidManifest.xml
INJECTED from src\main\AndroidManifest.xml
MERGED from [:volley] AndroidManifest.xml:7:5-43
MERGED from [:volley] AndroidManifest.xml:7:5-43
MERGED from [com.android.support:appcompat-v7:26.0.0-alpha1] AndroidManifest.xml:21:5-23:78
MERGED from [com.android.support:appcompat-v7:26.0.0-alpha1] AndroidManifest.xml:21:5-23:78
MERGED from [com.android.support.constraint:constraint-layout:1.0.2] AndroidManifest.xml:5:5-7:41
MERGED from [com.android.support.constraint:constraint-layout:1.0.2] AndroidManifest.xml:5:5-7:41
MERGED from [com.android.support:support-v4:26.0.0-alpha1] AndroidManifest.xml:21:5-23:54
MERGED from [com.android.support:support-v4:26.0.0-alpha1] AndroidManifest.xml:21:5-23:54
MERGED from [com.squareup.leakcanary:leakcanary-android:1.3] AndroidManifest.xml:20:5-22:41
MERGED from [com.squareup.leakcanary:leakcanary-android:1.3] AndroidManifest.xml:20:5-22:41
MERGED from [com.android.support:animated-vector-drawable:26.0.0-alpha1] AndroidManifest.xml:20:5-44
MERGED from [com.android.support:animated-vector-drawable:26.0.0-alpha1] AndroidManifest.xml:20:5-44
MERGED from [com.android.support:support-vector-drawable:26.0.0-alpha1] AndroidManifest.xml:20:5-44
MERGED from [com.android.support:support-vector-drawable:26.0.0-alpha1] AndroidManifest.xml:20:5-44
MERGED from [com.android.support:support-media-compat:26.0.0-alpha1] AndroidManifest.xml:21:5-23:63
MERGED from [com.android.support:support-media-compat:26.0.0-alpha1] AndroidManifest.xml:21:5-23:63
MERGED from [com.android.support:support-fragment:26.0.0-alpha1] AndroidManifest.xml:21:5-23:60
MERGED from [com.android.support:support-fragment:26.0.0-alpha1] AndroidManifest.xml:21:5-23:60
MERGED from [com.android.support:support-core-utils:26.0.0-alpha1] AndroidManifest.xml:21:5-23:61
MERGED from [com.android.support:support-core-utils:26.0.0-alpha1] AndroidManifest.xml:21:5-23:61
MERGED from [com.android.support:support-core-ui:26.0.0-alpha1] AndroidManifest.xml:21:5-23:58
MERGED from [com.android.support:support-core-ui:26.0.0-alpha1] AndroidManifest.xml:21:5-23:58
MERGED from [com.android.support:support-compat:26.0.0-alpha1] AndroidManifest.xml:21:5-23:58
MERGED from [com.android.support:support-compat:26.0.0-alpha1] AndroidManifest.xml:21:5-23:58
INJECTED from src\main\AndroidManifest.xml
INJECTED from src\main\AndroidManifest.xml
	tools:overrideLibrary
		ADDED from [com.android.support:appcompat-v7:26.0.0-alpha1] AndroidManifest.xml:23:9-75
	android:targetSdkVersion
		INJECTED from src\main\AndroidManifest.xml
		ADDED from src\main\AndroidManifest.xml
		INJECTED from src\main\AndroidManifest.xml
	android:minSdkVersion
		INJECTED from src\main\AndroidManifest.xml
		ADDED from src\main\AndroidManifest.xml
		INJECTED from src\main\AndroidManifest.xml
meta-data#android.support.VERSION
ADDED from [com.android.support:appcompat-v7:26.0.0-alpha1] AndroidManifest.xml:25:5-27:41
MERGED from [com.android.support:support-v4:26.0.0-alpha1] AndroidManifest.xml:25:5-27:41
MERGED from [com.android.support:support-v4:26.0.0-alpha1] AndroidManifest.xml:25:5-27:41
MERGED from [com.android.support:animated-vector-drawable:26.0.0-alpha1] AndroidManifest.xml:22:5-24:41
MERGED from [com.android.support:animated-vector-drawable:26.0.0-alpha1] AndroidManifest.xml:22:5-24:41
MERGED from [com.android.support:support-vector-drawable:26.0.0-alpha1] AndroidManifest.xml:22:5-24:41
MERGED from [com.android.support:support-vector-drawable:26.0.0-alpha1] AndroidManifest.xml:22:5-24:41
MERGED from [com.android.support:support-media-compat:26.0.0-alpha1] AndroidManifest.xml:25:5-27:41
MERGED from [com.android.support:support-media-compat:26.0.0-alpha1] AndroidManifest.xml:25:5-27:41
MERGED from [com.android.support:support-fragment:26.0.0-alpha1] AndroidManifest.xml:25:5-27:41
MERGED from [com.android.support:support-fragment:26.0.0-alpha1] AndroidManifest.xml:25:5-27:41
MERGED from [com.android.support:support-core-utils:26.0.0-alpha1] AndroidManifest.xml:25:5-27:41
MERGED from [com.android.support:support-core-utils:26.0.0-alpha1] AndroidManifest.xml:25:5-27:41
MERGED from [com.android.support:support-core-ui:26.0.0-alpha1] AndroidManifest.xml:25:5-27:41
MERGED from [com.android.support:support-core-ui:26.0.0-alpha1] AndroidManifest.xml:25:5-27:41
MERGED from [com.android.support:support-compat:26.0.0-alpha1] AndroidManifest.xml:25:5-27:41
MERGED from [com.android.support:support-compat:26.0.0-alpha1] AndroidManifest.xml:25:5-27:41
	android:value
		ADDED from [com.android.support:appcompat-v7:26.0.0-alpha1] AndroidManifest.xml:27:9-38
	android:name
		ADDED from [com.android.support:appcompat-v7:26.0.0-alpha1] AndroidManifest.xml:26:9-47
service#com.squareup.leakcanary.internal.HeapAnalyzerService
ADDED from [com.squareup.leakcanary:leakcanary-android:1.3] AndroidManifest.xml:25:9-28:45
	android:process
		ADDED from [com.squareup.leakcanary:leakcanary-android:1.3] AndroidManifest.xml:28:13-42
	android:enabled
		ADDED from [com.squareup.leakcanary:leakcanary-android:1.3] AndroidManifest.xml:27:13-36
	android:name
		ADDED from [com.squareup.leakcanary:leakcanary-android:1.3] AndroidManifest.xml:26:13-80
service#com.squareup.leakcanary.DisplayLeakService
ADDED from [com.squareup.leakcanary:leakcanary-android:1.3] AndroidManifest.xml:29:9-31:39
	android:enabled
		ADDED from [com.squareup.leakcanary:leakcanary-android:1.3] AndroidManifest.xml:31:13-36
	android:name
		ADDED from [com.squareup.leakcanary:leakcanary-android:1.3] AndroidManifest.xml:30:13-70
activity#com.squareup.leakcanary.internal.DisplayLeakActivity
ADDED from [com.squareup.leakcanary:leakcanary-android:1.3] AndroidManifest.xml:33:9-45:20
	android:enabled
		ADDED from [com.squareup.leakcanary:leakcanary-android:1.3] AndroidManifest.xml:35:13-36
	android:label
		ADDED from [com.squareup.leakcanary:leakcanary-android:1.3] AndroidManifest.xml:37:13-73
	android:icon
		ADDED from [com.squareup.leakcanary:leakcanary-android:1.3] AndroidManifest.xml:36:13-56
	android:theme
		ADDED from [com.squareup.leakcanary:leakcanary-android:1.3] AndroidManifest.xml:39:13-53
	android:taskAffinity
		ADDED from [com.squareup.leakcanary:leakcanary-android:1.3] AndroidManifest.xml:38:13-59
	android:name
		ADDED from [com.squareup.leakcanary:leakcanary-android:1.3] AndroidManifest.xml:34:13-80